1 0
2 11
3 18
4 32

2..1
2001
4003
4553
9768

7v6v5v0v
5 44
6 77
7 101
8 163
9 205
10 297
11 396
12 536
13 639
14 758
15 783
16 740
17 753
18 808
19 812
20 844
21 895
22 951
23 1026
24 1080
25 1171
26 1149
27 1266
28 1332
29 1343

42..
4200
5500
7831
9631

9>4v5<6^8<3v6>5>4^9<8<3<6v1v6v1v0>2>4^4^5<7<3^8^6<1v6<3v0v
30 1336
31 1391
32 1404
33 1656
34 1768
35 1851
36 1824
37 1905
38 2156
39 2556
40 2955
41 3766
42 4677
43 5880
44 7091
45 9032
46 11067
47 13112
48 15007
49 17387
50 19991
51 22710
52 25321
53 28105
54 31215
55 34586
56 38679
57 42868
58 47337
59 52789
60 58870
61 65012
62 70661
63 75344
64 80703
65 87187
66 93851
67 101628
68 109489
69 116863
70 124086
71 129746

7861
4..1
4003
2003
2955

7v8<3v5>4>9^7<4v5<5<6^6>8^8^4>9>9v5v8<8<6<6<4^3^9>7>9>7>5v8v6<4<3<1v1v0>2>6^6^8^8^4<2v2v0<1^1^3>7^7^9<9^5>4v5>2v7<7<0v6>6>8^8>7^7^4^4^2<9<9v0v
72 135347
73 141186
74 146431
75 153534
76 160140
77 167312

7613
4813
4.00
2.00
2955

7v8<3v5>4>9^7<4v5<5<6^6>8^8^4>9>9v5v8<8<6<6<4^3^9>7>9>7>5v8v6<4<3<1v1v0>2>6^6^8^8^4<2v2v0<1^1^3>7^7^9<9^5>4v5>2v7<7<0v6>6>8^8>7^7^4^4^2<9<9v0v8v6<1<3^3^0>
78 176071
79 185925
80 190559
81 194138
82 194453
83 194495
84 194421
85 195807
86 194356

4713
4613
28..
2900
5500

7v8<3v5>4>9^7<4v5<5<6^6>8^8^4>9>9v5v8<8<6<6<4^3^9>7>9>7>5v8v6<4<3<1v1v0>2>6^6^8^8^4<2v2v0<1^1^3>7^7^9<9^5>4v5>2v7<7<0v6>6>8^8>7^7^4^4^2<9<9v0v8v6<1<3^3^0>8v6v7>4^2^9^5<5<0v
87 193984
88 190661
89 186510
90 182895
91 179287
92 175518
93 172821
94 168954
95 165524
96 162908
97 162168
98 162623
99 165317
100 168015
101 172044
102 175941
103 177589
104 177779
105 176067
106 171762
107 167808
108 164526
109 163658
110 162372
111 162869
112 162277
113 162508
114 162405
115 162023
116 160003
116
9 > 
4 v 
8 < 
3 v 
5 > 
7 ^ 
7 < 
5 < 
3 ^ 
8 > 
9 > 
4 > 
7 v 
5 < 
7 v 
6 ^ 
9 ^ 
8 < 
3 v 
6 > 
5 > 
2 v 
2 v 
0 < 
1 < 
6 ^ 
6 ^ 
3 ^ 
3 ^ 
9 > 
8 > 
4 > 
7 > 
2 v 
5 < 
4 ^ 
7 ^ 
8 < 
8 < 
4 v 
1 v 
6 < 
3 ^ 
9 ^ 
4 > 
1 v 
1 v 
9 < 
9 ^ 
5 > 
5 > 
2 ^ 
8 < 
7 v 
2 > 
8 ^ 
7 < 
2 v 
5 < 
3 v 
6 > 
9 ^ 
5 < 
1 ^ 
1 ^ 
2 > 
8 > 
8 v 
5 v 
0 v 
9 < 
9 < 
6 < 
6 < 
1 ^ 
3 ^ 
2 ^ 
4 ^ 
8 > 
7 > 
8 > 
7 > 
5 v 
0 v 
6 v 
6 < 
1 < 
2 ^ 
2 ^ 
0 > 
6 v 
9 v 
6 v 
9 v 
1 < 
2 < 
3 < 
4 ^ 
4 ^ 
0 > 
6 > 
6 ^ 
5 ^ 
7 < 
7 < 
8 < 
8 < 
0 v 
6 > 
9 > 
6 > 
9 > 
5 ^ 
7 ^ 
8 < 
0 < 
_
Time : 1946721ms.
